2025-01-27 13:00:49,870 [INFO] Activator:176 - 


2025-01-27 13:00:49,871 [INFO] Activator:177 - !SESSION log4j initialized
2025-01-27 13:00:53,692 [INFO] LogOutputStream:77 - [STDOUT_REDIRECT] 
2025-01-27 13:00:56,985 [INFO] ApplicationProperties:184 - Using Application install path: C:\ST\STM32CubeIDE_1.17.0\STM32CubeIDE\plugins\com.st.stm32cube.common.mx_6.13.0.202411220809
2025-01-27 13:00:56,999 [INFO] DbMcusXml:78 - Set database path to: C:\ST\STM32CubeIDE_1.17.0\STM32CubeIDE\plugins\com.st.stm32cube.common.mx_6.13.0.202411220809\\db\/mcu/
2025-01-27 13:00:56,999 [INFO] ApiDb:274 - Set plugin database path to: C:\ST\STM32CubeIDE_1.17.0\STM32CubeIDE\plugins\com.st.stm32cube.common.mx_6.13.0.202411220809\\db\/plugins/boardmanager/
2025-01-27 13:00:57,000 [WARN] ApiDb:259 - Overriding images path with different value:  => C:\ST\STM32CubeIDE_1.17.0\STM32CubeIDE\plugins\com.st.stm32cube.common.mx_6.13.0.202411220809\\db\/plugins/mcufinder/images/
2025-01-27 13:00:57,005 [INFO] ApiDb:250 - Set database path to: C:\Users\MARIO\.stmcufinder\plugins\mcufinder//mcu/
2025-01-27 13:00:57,006 [INFO] DbMcusAds:125 - Set database path to: C:\Users\MARIO\.stmcufinder\plugins\mcufinder//mcu/
2025-01-27 13:00:57,008 [INFO] CrossReferenceDbSqlite:203 - Set database path to: C:\Users\MARIO\.stmcufinder\plugins\mcufinder//mcu/cs/
2025-01-27 13:00:57,113 [INFO] RulesReader:64 - Compatibility file has been processed (297 Rules)
2025-01-27 13:00:57,191 [INFO] DbMcusXml:78 - Set database path to: C:\ST\STM32CubeIDE_1.17.0\STM32CubeIDE\plugins\com.st.stm32cube.common.mx_6.13.0.202411220809\\db\/mcu/
2025-01-27 13:00:57,191 [INFO] ApiDb:274 - Set plugin database path to: C:\ST\STM32CubeIDE_1.17.0\STM32CubeIDE\plugins\com.st.stm32cube.common.mx_6.13.0.202411220809\\db\/plugins/boardmanager/
2025-01-27 13:00:57,191 [INFO] ApiDb:261 - Set plugin images path to: C:\ST\STM32CubeIDE_1.17.0\STM32CubeIDE\plugins\com.st.stm32cube.common.mx_6.13.0.202411220809\\db\/plugins/mcufinder/images/
2025-01-27 13:00:57,191 [WARN] DbFile:41 - Overriding database path with different value: C:\Users\MARIO\.stmcufinder\plugins\mcufinder/ => C:\Users\MARIO\.stmcufinder\plugins\mcufinder
2025-01-27 13:00:57,191 [INFO] ApiDb:250 - Set database path to: C:\Users\MARIO\.stmcufinder\plugins\mcufinder//mcu/
2025-01-27 13:00:57,191 [WARN] DbFile:41 - Overriding database path with different value: C:\Users\MARIO\.stmcufinder\plugins\mcufinder/ => C:\Users\MARIO\.stmcufinder\plugins\mcufinder
2025-01-27 13:00:57,191 [INFO] DbMcusAds:125 - Set database path to: C:\Users\MARIO\.stmcufinder\plugins\mcufinder//mcu/
2025-01-27 13:00:57,192 [WARN] DbFile:41 - Overriding database path with different value: C:\Users\MARIO\.stmcufinder\plugins\mcufinder/ => C:\Users\MARIO\.stmcufinder\plugins\mcufinder
2025-01-27 13:00:57,192 [WARN] DbFile:41 - Overriding database path with different value: C:\Users\MARIO\.stmcufinder\plugins\mcufinder/ => C:\Users\MARIO\.stmcufinder\plugins\mcufinder
2025-01-27 13:00:57,192 [INFO] CrossReferenceDbSqlite:203 - Set database path to: C:\Users\MARIO\.stmcufinder\plugins\mcufinder//mcu/cs/
2025-01-27 13:00:57,266 [INFO] MainPanel:272 - HeapMemory: 268435456
2025-01-27 13:00:57,340 [INFO] DbMcusXml:78 - Set database path to: C:\ST\STM32CubeIDE_1.17.0\STM32CubeIDE\plugins\com.st.stm32cube.common.mx_6.13.0.202411220809\\db\/mcu/
2025-01-27 13:00:57,340 [INFO] ApiDb:274 - Set plugin database path to: C:\ST\STM32CubeIDE_1.17.0\STM32CubeIDE\plugins\com.st.stm32cube.common.mx_6.13.0.202411220809\\db\/plugins/boardmanager/
2025-01-27 13:00:57,341 [INFO] ApiDb:261 - Set plugin images path to: C:\ST\STM32CubeIDE_1.17.0\STM32CubeIDE\plugins\com.st.stm32cube.common.mx_6.13.0.202411220809\\db\/plugins/mcufinder/images/
2025-01-27 13:00:57,341 [WARN] DbFile:41 - Overriding database path with different value: C:\Users\MARIO\.stmcufinder\plugins\mcufinder/ => C:\Users\MARIO\.stmcufinder\plugins\mcufinder
2025-01-27 13:00:57,341 [INFO] ApiDb:250 - Set database path to: C:\Users\MARIO\.stmcufinder\plugins\mcufinder//mcu/
2025-01-27 13:00:57,341 [WARN] DbFile:41 - Overriding database path with different value: C:\Users\MARIO\.stmcufinder\plugins\mcufinder/ => C:\Users\MARIO\.stmcufinder\plugins\mcufinder
2025-01-27 13:00:57,341 [INFO] DbMcusAds:125 - Set database path to: C:\Users\MARIO\.stmcufinder\plugins\mcufinder//mcu/
2025-01-27 13:00:57,342 [WARN] DbFile:41 - Overriding database path with different value: C:\Users\MARIO\.stmcufinder\plugins\mcufinder/ => C:\Users\MARIO\.stmcufinder\plugins\mcufinder
2025-01-27 13:00:57,342 [WARN] DbFile:41 - Overriding database path with different value: C:\Users\MARIO\.stmcufinder\plugins\mcufinder/ => C:\Users\MARIO\.stmcufinder\plugins\mcufinder
2025-01-27 13:00:57,342 [INFO] CrossReferenceDbSqlite:203 - Set database path to: C:\Users\MARIO\.stmcufinder\plugins\mcufinder//mcu/cs/
2025-01-27 13:00:57,365 [INFO] ApplicationProperties:184 - Using Application install path: C:\ST\STM32CubeIDE_1.17.0\STM32CubeIDE\plugins\com.st.stm32cube.common.mx_6.13.0.202411220809
2025-01-27 13:00:57,366 [INFO] PluginManage:196 - Search for loadable plugins [exclusion list=, ]
2025-01-27 13:00:57,370 [INFO] PluginManage:310 - Check plugin analytics
2025-01-27 13:00:57,599 [INFO] AnalyticsPlugin:253 - Accepted Software Licenses: STM32CubeMX.6.13.0
2025-01-27 13:00:57,601 [INFO] AnalyticsPlugin:255 - Accepted CMSIS Pack Licenses: 
2025-01-27 13:00:57,601 [INFO] AnalyticsPlugin:257 - Accepted Firmware Licenses: FW.F4.1.28.0
2025-01-27 13:00:57,604 [INFO] PluginManage:359 - Loaded plugin analytics (category:tool,tabindex:-1)
2025-01-27 13:00:57,605 [INFO] PluginManage:310 - Check plugin cadmodel
2025-01-27 13:00:57,610 [INFO] CADModel:105 - Init CAD model plugin
2025-01-27 13:00:57,610 [INFO] PluginManage:359 - Loaded plugin cadmodel (category:power,tabindex:5)
2025-01-27 13:00:57,610 [INFO] PluginManage:310 - Check plugin clock
2025-01-27 13:00:57,623 [INFO] PluginManage:359 - Loaded plugin clock (category:base,tabindex:2)
2025-01-27 13:00:57,623 [INFO] PluginManage:310 - Check plugin ddr
2025-01-27 13:00:57,628 [INFO] PluginManage:359 - Loaded plugin ddr (category:tool,tabindex:6)
2025-01-27 13:00:57,629 [INFO] PluginManage:310 - Check plugin filemanager
2025-01-27 13:00:57,832 [INFO] PluginManage:359 - Loaded plugin filemanager (category:base,tabindex:10)
2025-01-27 13:00:57,832 [INFO] PluginManage:310 - Check plugin ipmanager
2025-01-27 13:00:57,840 [INFO] PluginManage:359 - Loaded plugin ipmanager (category:base,tabindex:5)
2025-01-27 13:00:57,840 [INFO] PluginManage:310 - Check plugin lpbam
2025-01-27 13:00:57,846 [INFO] PluginManage:359 - Loaded plugin lpbam (category:base,tabindex:0)
2025-01-27 13:00:57,846 [INFO] PluginManage:310 - Check plugin memorymap
2025-01-27 13:00:57,856 [INFO] PluginManage:359 - Loaded plugin memorymap (category:base,tabindex:4)
2025-01-27 13:00:57,856 [INFO] PluginManage:310 - Check plugin pinoutandconfiguration
2025-01-27 13:00:57,862 [INFO] PluginManage:359 - Loaded plugin pinoutandconfiguration (category:base,tabindex:1)
2025-01-27 13:00:57,862 [INFO] PluginManage:310 - Check plugin pinoutconfig
2025-01-27 13:00:57,929 [WARN] SupportedApi:132 - Cannot load RTOS API schema: s4s-elt-must-match.1: The content of 'definitions' must match (annotation?, (simpleType | complexType)?, (unique | key | keyref)*)). A problem was found starting at: attribute.
2025-01-27 13:00:58,041 [INFO] PluginManage:359 - Loaded plugin pinoutconfig (category:base,tabindex:0)
2025-01-27 13:00:58,041 [INFO] PluginManage:310 - Check plugin power
2025-01-27 13:00:58,048 [INFO] PluginManage:359 - Loaded plugin power (category:power,tabindex:4)
2025-01-27 13:00:58,048 [INFO] PluginManage:310 - Check plugin projectmanager
2025-01-27 13:00:58,065 [INFO] PluginManage:359 - Loaded plugin projectmanager (category:projectmanager,tabindex:4)
2025-01-27 13:00:58,065 [INFO] PluginManage:310 - Check plugin rif
2025-01-27 13:00:58,069 [INFO] PluginManage:359 - Loaded plugin rif (category:base,tabindex:3)
2025-01-27 13:00:58,069 [INFO] PluginManage:310 - Check plugin thirdparty
2025-01-27 13:00:58,201 [INFO] PluginManage:359 - Loaded plugin thirdparty (category:base,tabindex:-1)
2025-01-27 13:00:58,201 [WARN] IntegrityCheckThread:84 - waiting for thirdparty lock release [integrity check]
2025-01-27 13:00:58,202 [INFO] PluginManage:310 - Check plugin tools
2025-01-27 13:00:58,202 [INFO] IntegrityCheckThread:86 - entering critical section [integrity check]
2025-01-27 13:00:58,203 [INFO] ThirdPartyUpdaterWithRetryManager:70 - Updater plugin not ready yet. [1/15]
2025-01-27 13:00:58,206 [INFO] PluginManage:359 - Loaded plugin tools (category:base,tabindex:7)
2025-01-27 13:00:58,206 [INFO] PluginManage:310 - Check plugin tutovideos
2025-01-27 13:00:58,379 [INFO] PluginManage:359 - Loaded plugin tutovideos (category:base,tabindex:-1)
2025-01-27 13:00:58,379 [INFO] PluginManage:310 - Check plugin updater
2025-01-27 13:00:58,399 [INFO] PluginManage:359 - Loaded plugin updater (category:base,tabindex:12)
2025-01-27 13:00:58,399 [INFO] PluginManage:310 - Check plugin userauth
2025-01-27 13:00:58,402 [INFO] UserAuth:118 - Init User Auth plugin
2025-01-27 13:00:58,403 [INFO] PluginManage:359 - Loaded plugin userauth (category:base,tabindex:14)
2025-01-27 13:00:58,404 [INFO] PluginManage:283 - PluginManage : Loaded plugins [18]
2025-01-27 13:00:58,634 [INFO] PinOutPanel:1589 - setPackage(No Configuration,No Configuration)
2025-01-27 13:00:58,721 [INFO] CADModel:165 - CPN selected for project level
2025-01-27 13:00:58,721 [INFO] CADModel:114 - Register for checkConnection events
2025-01-27 13:00:58,742 [INFO] IPUIPlugin:80 - create IPUIPlugin
2025-01-27 13:00:58,742 [INFO] PluginManager:220 - loadIPPluginJar : add adc
2025-01-27 13:00:58,745 [INFO] IPUIPlugin:80 - create IPUIPlugin
2025-01-27 13:00:58,745 [INFO] PluginManager:220 - loadIPPluginJar : add aes
2025-01-27 13:00:58,748 [INFO] IPUIPlugin:80 - create IPUIPlugin
2025-01-27 13:00:58,748 [INFO] PluginManager:220 - loadIPPluginJar : add can
2025-01-27 13:00:58,750 [INFO] IPUIPlugin:80 - create IPUIPlugin
2025-01-27 13:00:58,750 [INFO] PluginManager:220 - loadIPPluginJar : add comp
2025-01-27 13:00:58,753 [INFO] IPUIPlugin:80 - create IPUIPlugin
2025-01-27 13:00:58,753 [INFO] PluginManager:220 - loadIPPluginJar : add cryp
2025-01-27 13:00:58,756 [INFO] IPUIPlugin:80 - create IPUIPlugin
2025-01-27 13:00:58,756 [INFO] PluginManager:220 - loadIPPluginJar : add ddr_ctrl_phy
2025-01-27 13:00:58,758 [INFO] IPUIPlugin:80 - create IPUIPlugin
2025-01-27 13:00:58,758 [INFO] PluginManager:220 - loadIPPluginJar : add dfsdm
2025-01-27 13:00:58,764 [INFO] IPUIPlugin:80 - create IPUIPlugin
2025-01-27 13:00:58,765 [INFO] PluginManager:220 - loadIPPluginJar : add dma
2025-01-27 13:00:58,768 [INFO] IPUIPlugin:80 - create IPUIPlugin
2025-01-27 13:00:58,768 [INFO] PluginManager:220 - loadIPPluginJar : add dma3
2025-01-27 13:00:58,771 [INFO] IPUIPlugin:80 - create IPUIPlugin
2025-01-27 13:00:58,772 [INFO] PluginManager:220 - loadIPPluginJar : add extmemmanager
2025-01-27 13:00:58,773 [INFO] IPUIPlugin:80 - create IPUIPlugin
2025-01-27 13:00:58,774 [INFO] PluginManager:220 - loadIPPluginJar : add fatfs
2025-01-27 13:00:58,778 [INFO] IPUIPlugin:80 - create IPUIPlugin
2025-01-27 13:00:58,778 [INFO] PluginManager:220 - loadIPPluginJar : add fmc
2025-01-27 13:00:58,783 [INFO] IPUIPlugin:80 - create IPUIPlugin
2025-01-27 13:00:58,783 [INFO] PluginManager:220 - loadIPPluginJar : add freertos
2025-01-27 13:00:58,785 [INFO] IPUIPlugin:80 - create IPUIPlugin
2025-01-27 13:00:58,785 [INFO] PluginManager:220 - loadIPPluginJar : add genericplugin
2025-01-27 13:00:58,788 [INFO] IPUIPlugin:80 - create IPUIPlugin
2025-01-27 13:00:58,788 [INFO] PluginManager:220 - loadIPPluginJar : add gfxmmu
2025-01-27 13:00:58,794 [INFO] IPUIPlugin:80 - create IPUIPlugin
2025-01-27 13:00:58,794 [INFO] PluginManager:220 - loadIPPluginJar : add gic
2025-01-27 13:00:58,799 [INFO] IPUIPlugin:80 - create IPUIPlugin
2025-01-27 13:00:58,799 [INFO] PluginManager:220 - loadIPPluginJar : add gpio
2025-01-27 13:00:58,802 [INFO] IPUIPlugin:80 - create IPUIPlugin
2025-01-27 13:00:58,803 [INFO] PluginManager:220 - loadIPPluginJar : add gtzc
2025-01-27 13:00:58,805 [INFO] IPUIPlugin:80 - create IPUIPlugin
2025-01-27 13:00:58,806 [INFO] PluginManager:220 - loadIPPluginJar : add hash
2025-01-27 13:00:58,809 [INFO] IPUIPlugin:80 - create IPUIPlugin
2025-01-27 13:00:58,809 [INFO] PluginManager:220 - loadIPPluginJar : add i2c
2025-01-27 13:00:58,814 [INFO] IPUIPlugin:80 - create IPUIPlugin
2025-01-27 13:00:58,815 [INFO] PluginManager:220 - loadIPPluginJar : add i2s
2025-01-27 13:00:58,820 [INFO] IPUIPlugin:80 - create IPUIPlugin
2025-01-27 13:00:58,820 [INFO] PluginManager:220 - loadIPPluginJar : add i3c
2025-01-27 13:00:58,825 [INFO] IPUIPlugin:80 - create IPUIPlugin
2025-01-27 13:00:58,825 [INFO] PluginManager:220 - loadIPPluginJar : add ipddr
2025-01-27 13:00:58,832 [INFO] IPUIPlugin:80 - create IPUIPlugin
2025-01-27 13:00:58,832 [INFO] PluginManager:220 - loadIPPluginJar : add linkedlist
2025-01-27 13:00:58,836 [INFO] IPUIPlugin:80 - create IPUIPlugin
2025-01-27 13:00:58,838 [INFO] PluginManager:220 - loadIPPluginJar : add lorawan
2025-01-27 13:00:58,840 [INFO] IPUIPlugin:80 - create IPUIPlugin
2025-01-27 13:00:58,840 [INFO] PluginManager:220 - loadIPPluginJar : add ltdc
2025-01-27 13:00:58,844 [INFO] IPUIPlugin:80 - create IPUIPlugin
2025-01-27 13:00:58,845 [INFO] PluginManager:220 - loadIPPluginJar : add mdma
2025-01-27 13:00:58,848 [INFO] IPUIPlugin:80 - create IPUIPlugin
2025-01-27 13:00:58,848 [INFO] PluginManager:220 - loadIPPluginJar : add nvic
2025-01-27 13:00:58,852 [INFO] IPUIPlugin:80 - create IPUIPlugin
2025-01-27 13:00:58,853 [INFO] PluginManager:220 - loadIPPluginJar : add opamp
2025-01-27 13:00:58,856 [INFO] IPUIPlugin:80 - create IPUIPlugin
2025-01-27 13:00:58,857 [INFO] PluginManager:220 - loadIPPluginJar : add openamp
2025-01-27 13:00:58,860 [INFO] IPUIPlugin:80 - create IPUIPlugin
2025-01-27 13:00:58,860 [INFO] PluginManager:220 - loadIPPluginJar : add pdm2pcm
2025-01-27 13:00:58,866 [INFO] IPUIPlugin:80 - create IPUIPlugin
2025-01-27 13:00:58,868 [INFO] PluginManager:220 - loadIPPluginJar : add plateformsettings
2025-01-27 13:00:58,870 [INFO] IPUIPlugin:80 - create IPUIPlugin
2025-01-27 13:00:58,870 [INFO] PluginManager:220 - loadIPPluginJar : add quadspi
2025-01-27 13:00:58,872 [INFO] IPUIPlugin:80 - create IPUIPlugin
2025-01-27 13:00:58,874 [INFO] PluginManager:220 - loadIPPluginJar : add radio
2025-01-27 13:00:58,877 [INFO] IPUIPlugin:80 - create IPUIPlugin
2025-01-27 13:00:58,878 [INFO] PluginManager:220 - loadIPPluginJar : add resmgrutility
2025-01-27 13:00:58,880 [INFO] IPUIPlugin:80 - create IPUIPlugin
2025-01-27 13:00:58,881 [INFO] PluginManager:220 - loadIPPluginJar : add sai
2025-01-27 13:00:58,884 [INFO] IPUIPlugin:80 - create IPUIPlugin
2025-01-27 13:00:58,884 [INFO] PluginManager:220 - loadIPPluginJar : add spi
2025-01-27 13:00:58,889 [INFO] IPUIPlugin:80 - create IPUIPlugin
2025-01-27 13:00:58,889 [INFO] PluginManager:220 - loadIPPluginJar : add stm32_wpan
2025-01-27 13:00:58,891 [INFO] IPUIPlugin:80 - create IPUIPlugin
2025-01-27 13:00:58,891 [INFO] PluginManager:220 - loadIPPluginJar : add tim
2025-01-27 13:00:58,894 [INFO] IPUIPlugin:80 - create IPUIPlugin
2025-01-27 13:00:58,894 [INFO] PluginManager:220 - loadIPPluginJar : add touchsensing
2025-01-27 13:00:58,896 [INFO] IPUIPlugin:80 - create IPUIPlugin
2025-01-27 13:00:58,896 [INFO] PluginManager:220 - loadIPPluginJar : add tracer_emb
2025-01-27 13:00:58,898 [INFO] IPUIPlugin:80 - create IPUIPlugin
2025-01-27 13:00:58,898 [INFO] PluginManager:220 - loadIPPluginJar : add ts
2025-01-27 13:00:58,900 [INFO] IPUIPlugin:80 - create IPUIPlugin
2025-01-27 13:00:58,900 [INFO] PluginManager:220 - loadIPPluginJar : add tsc
2025-01-27 13:00:58,902 [INFO] IPUIPlugin:80 - create IPUIPlugin
2025-01-27 13:00:58,902 [INFO] PluginManager:220 - loadIPPluginJar : add ucpd
2025-01-27 13:00:58,905 [INFO] IPUIPlugin:80 - create IPUIPlugin
2025-01-27 13:00:58,905 [INFO] PluginManager:220 - loadIPPluginJar : add usart
2025-01-27 13:00:58,908 [INFO] IPUIPlugin:80 - create IPUIPlugin
2025-01-27 13:00:58,908 [INFO] PluginManager:220 - loadIPPluginJar : add usbx
2025-01-27 13:00:59,040 [FATAL] Updater:351 - Updater called before beeing initialized
2025-01-27 13:00:59,061 [INFO] RulesReader:64 - Compatibility file has been processed (297 Rules)
2025-01-27 13:00:59,073 [INFO] RulesReader:64 - Compatibility file has been processed (297 Rules)
2025-01-27 13:00:59,089 [INFO] CADModel:165 - CPN selected for project level
2025-01-27 13:00:59,090 [INFO] CADModel:114 - Register for checkConnection events
2025-01-27 13:00:59,090 [FATAL] Updater:351 - Updater called before beeing initialized
2025-01-27 13:00:59,090 [ERROR] CADModel:125 - Updater not yet initialized, retry later 
2025-01-27 13:00:59,229 [FATAL] Updater:351 - Updater called before beeing initialized
2025-01-27 13:00:59,230 [INFO] CADModel:165 - CPN selected for project level
2025-01-27 13:00:59,230 [INFO] CADModel:114 - Register for checkConnection events
2025-01-27 13:00:59,230 [FATAL] Updater:351 - Updater called before beeing initialized
2025-01-27 13:00:59,230 [ERROR] CADModel:125 - Updater not yet initialized, retry later 
2025-01-27 13:00:59,233 [FATAL] Updater:351 - Updater called before beeing initialized
2025-01-27 13:00:59,347 [FATAL] Updater:351 - Updater called before beeing initialized
2025-01-27 13:00:59,351 [INFO] DbMcusAds:53 - JSON generation date=Tue Dec 17 18:01:15 EET 2024 (1734451275111)
2025-01-27 13:00:59,351 [FATAL] Updater:351 - Updater called before beeing initialized
2025-01-27 13:00:59,381 [WARN] DetailPanel:346 - Failed to get advertising image, set to default
2025-01-27 13:00:59,583 [FATAL] Updater:351 - Updater called before beeing initialized
2025-01-27 13:00:59,584 [FATAL] Updater:351 - Updater called before beeing initialized
2025-01-27 13:00:59,584 [FATAL] Updater:351 - Updater called before beeing initialized
2025-01-27 13:00:59,584 [WARN] DetailPanel:346 - Failed to get advertising image, set to default
2025-01-27 13:00:59,585 [FATAL] Updater:351 - Updater called before beeing initialized
2025-01-27 13:00:59,639 [ERROR] Updater:1198 - MainUpdater not yet initialized. External WinMGr cannot be set.
2025-01-27 13:00:59,640 [INFO] Updater:1134 - Updater Version found : 6.13.0
2025-01-27 13:00:59,652 [INFO] ApplicationProperties:184 - Using Application install path: C:\ST\STM32CubeIDE_1.17.0\STM32CubeIDE\plugins\com.st.stm32cube.common.mx_6.13.0.202411220809
